<?xml version="1.0" encoding="UTF-8"?>
<testng-results ignored="0" total="1" passed="1" failed="0" skipped="0">
  <reporter-output>
  </reporter-output>
  <suite started-at="2025-02-04T23:12:15 CST" name="Default suite" finished-at="2025-02-04T23:12:25 CST" duration-ms="10393">
    <groups>
      <group name="smoke">
        <method signature="LoginTest.validLogin()[pri:0, instance:com.neotech.testcases.LoginTest@6a6afff2]" name="validLogin" class="com.neotech.testcases.LoginTest"/>
      </group> <!-- smoke -->
    </groups>
    <test started-at="2025-02-04T23:12:15 CST" name="Default test" finished-at="2025-02-04T23:12:25 CST" duration-ms="10393">
      <class name="com.neotech.testcases.LoginTest">
        <test-method is-config="true" signature="setUp()[pri:0, instance:com.neotech.testcases.LoginTest@6a6afff2]" started-at="2025-02-04T23:12:15 CST" name="setUp" finished-at="2025-02-04T23:12:21 CST" duration-ms="5645" status="PASS">
          <reporter-output>
          </reporter-output>
        </test-method> <!-- setUp -->
        <test-method signature="validLogin()[pri:0, instance:com.neotech.testcases.LoginTest@6a6afff2]" started-at="2025-02-04T23:12:21 CST" name="validLogin" finished-at="2025-02-04T23:12:25 CST" duration-ms="4417" status="PASS">
          <reporter-output>
          </reporter-output>
        </test-method> <!-- validLogin -->
        <test-method is-config="true" signature="tearDown()[pri:0, instance:com.neotech.testcases.LoginTest@6a6afff2]" started-at="2025-02-04T23:12:25 CST" name="tearDown" finished-at="2025-02-04T23:12:25 CST" duration-ms="261" status="PASS">
          <reporter-output>
          </reporter-output>
        </test-method> <!-- tearDown -->
      </class> <!-- com.neotech.testcases.LoginTest -->
    </test> <!-- Default test -->
  </suite> <!-- Default suite -->
</testng-results>
